<?xml version="1.0" encoding="UTF-8"?>
<testng-results ignored="0" total="1" passed="1" failed="0" skipped="0">
  <reporter-output>
  </reporter-output>
  <suite started-at="2019-10-17T12:46:53 CLST" name="Default suite" finished-at="2019-10-17T12:47:02 CLST" duration-ms="9165">
    <groups>
    </groups>
    <test started-at="2019-10-17T12:46:53 CLST" name="Default test" finished-at="2019-10-17T12:47:02 CLST" duration-ms="9165">
      <class name="com.ProyectoDemo.PruebaEjemplo">
        <test-method is-config="true" signature="beforeTest()[pri:0, instance:com.ProyectoDemo.PruebaEjemplo@3c72f59f]" started-at="2019-10-17T12:46:53 CLST" name="beforeTest" finished-at="2019-10-17T12:46:54 CLST" duration-ms="1429" status="PASS">
          <reporter-output>
          </reporter-output>
        </test-method> <!-- beforeTest -->
        <test-method signature="PruebaZalenium()[pri:0, instance:com.ProyectoDemo.PruebaEjemplo@3c72f59f]" started-at="2019-10-17T12:46:54 CLST" name="PruebaZalenium" finished-at="2019-10-17T12:47:02 CLST" duration-ms="7648" status="PASS">
          <reporter-output>
          </reporter-output>
        </test-method> <!-- PruebaZalenium -->
        <test-method is-config="true" signature="afterTest()[pri:0, instance:com.ProyectoDemo.PruebaEjemplo@3c72f59f]" started-at="2019-10-17T12:47:02 CLST" name="afterTest" finished-at="2019-10-17T12:47:02 CLST" duration-ms="65" status="PASS">
          <reporter-output>
          </reporter-output>
        </test-method> <!-- afterTest -->
      </class> <!-- com.ProyectoDemo.PruebaEjemplo -->
    </test> <!-- Default test -->
  </suite> <!-- Default suite -->
</testng-results>
